<?xml version="1.0" encoding="UTF-8"?>
<testsuite xmlns:xsi="http://www.w3.org/2001/XMLSchema-instance" xsi:noNamespaceSchemaLocation="https://maven.apache.org/surefire/maven-surefire-plugin/xsd/surefire-test-report-3.0.xsd" version="3.0" name="com.kerimkulah.labReport.LabReportApplicationTests" time="4.05" tests="1" errors="0" skipped="0" failures="0">
  <properties>
[...]
</properties>
  <testcase name="contextLoads" classname="com.kerimkulah.labReport.LabReportApplicationTests" time="0.325">
    <system-out><![CDATA[00:35:10.722 [main] INFO org.springframework.test.context.support.AnnotationConfigContextLoaderUtils -- Could not detect default configuration classes for test class [com.kerimkulah.labReport.LabReportApplicationTests]: LabReportApplicationTests does not declare any static, non-private, non-final, nested classes annotated with @Configuration.
00:35:10.802 [main] INFO org.springframework.boot.test.context.SpringBootTestContextBootstrapper -- Found @SpringBootConfiguration com.kerimkulah.labReport.LabReportApplication for test class com.kerimkulah.labReport.LabReportApplicationTests

  .   ____          _            __ _ _
 /\\ / ___'_ __ _ _(_)_ __  __ _ \ \ \ \
( ( )\___ | '_ | '_| | '_ \/ _` | \ \ \ \
 \\/  ___)| |_)| | | | | || (_| |  ) ) ) )
  '  |____| .__|_| |_|_| |_\__, | / / / /
 =========|_|==============|___/=/_/_/_/
 :: Spring Boot ::               (v3.2.11)

2024-11-10T00:35:11.095+03:00  INFO 4308 --- [labReport] [           main] c.k.labReport.LabReportApplicationTests  : Starting LabReportApplicationTests using Java 21.0.2 with PID 4308 (started by m_ker in C:\Users\m_ker\OneDrive\Masaüstü\LabReport-BE)
2024-11-10T00:35:11.095+03:00  INFO 4308 --- [labReport] [           main] c.k.labReport.LabReportApplicationTests  : No active profile set, falling back to 1 default profile: "default"
2024-11-10T00:35:11.602+03:00  INFO 4308 --- [labReport] [           main] .s.d.r.c.RepositoryConfigurationDelegate : Bootstrapping Spring Data JPA repositories in DEFAULT mode.
2024-11-10T00:35:11.652+03:00  INFO 4308 --- [labReport] [           main] .s.d.r.c.RepositoryConfigurationDelegate : Finished Spring Data repository scanning in 48 ms. Found 3 JPA repository interfaces.
2024-11-10T00:35:12.018+03:00  INFO 4308 --- [labReport] [           main] o.hibernate.jpa.internal.util.LogHelper  : HHH000204: Processing PersistenceUnitInfo [name: default]
2024-11-10T00:35:12.066+03:00  INFO 4308 --- [labReport] [           main] org.hibernate.Version                    : HHH000412: Hibernate ORM core version 6.4.10.Final
2024-11-10T00:35:12.092+03:00  INFO 4308 --- [labReport] [           main] o.h.c.internal.RegionFactoryInitiator    : HHH000026: Second-level cache disabled
2024-11-10T00:35:12.286+03:00  INFO 4308 --- [labReport] [           main] o.s.o.j.p.SpringPersistenceUnitInfo      : No LoadTimeWeaver setup: ignoring JPA class transformer
2024-11-10T00:35:12.302+03:00  INFO 4308 --- [labReport] [           main] com.zaxxer.hikari.HikariDataSource       : HikariPool-1 - Starting...
2024-11-10T00:35:12.452+03:00  INFO 4308 --- [labReport] [           main] com.zaxxer.hikari.pool.HikariPool        : HikariPool-1 - Added connection conn0: url=jdbc:h2:mem:database user=ADMIN
2024-11-10T00:35:12.452+03:00  INFO 4308 --- [labReport] [           main] com.zaxxer.hikari.HikariDataSource       : HikariPool-1 - Start completed.
2024-11-10T00:35:12.472+03:00  WARN 4308 --- [labReport] [           main] org.hibernate.orm.deprecation            : HHH90000025: H2Dialect does not need to be specified explicitly using 'hibernate.dialect' (remove the property setting and it will be selected by default)
2024-11-10T00:35:13.132+03:00  INFO 4308 --- [labReport] [           main] o.h.e.t.j.p.i.JtaPlatformInitiator       : HHH000489: No JTA platform available (set 'hibernate.transaction.jta.platform' to enable JTA platform integration)
Hibernate: create table laborant (id bigint generated by default as identity, ad varchar(255) not null, hastane_kimlik_numarasi varchar(255) not null, soyad varchar(255) not null, primary key (id))
Hibernate: create table rapor (id bigint generated by default as identity, dosya_no varchar(255) not null, fiziksel_rapor_fotograf_url varchar(255), hasta_ad varchar(255) not null, hasta_soyad varchar(255) not null, hasta_tc_no varchar(255), rapor_tarihi timestamp(6), tani_basligi varchar(255) not null, tani_detaylari varchar(255) not null, laborant_id bigint, primary key (id))
Hibernate: create table users (id bigint generated by default as identity, password varchar(255), role varchar(255) check (role in ('ADMIN','EMPLOYEE')), username varchar(255), primary key (id))
Hibernate: alter table if exists laborant drop constraint if exists UK_akei031gtyrih7t52eo876e2r
Hibernate: alter table if exists laborant add constraint UK_akei031gtyrih7t52eo876e2r unique (hastane_kimlik_numarasi)
Hibernate: alter table if exists rapor drop constraint if exists UK_o50st4jb0ee17mobk2p39fpeq
Hibernate: alter table if exists rapor add constraint UK_o50st4jb0ee17mobk2p39fpeq unique (dosya_no)
Hibernate: alter table if exists users drop constraint if exists UK_r43af9ap4edm43mmtq01oddj6
Hibernate: alter table if exists users add constraint UK_r43af9ap4edm43mmtq01oddj6 unique (username)
Hibernate: alter table if exists rapor add constraint FKpwvbm6a24p0yemap0xxftwvbo foreign key (laborant_id) references laborant
2024-11-10T00:35:13.182+03:00  INFO 4308 --- [labReport] [           main] j.LocalContainerEntityManagerFactoryBean : Initialized JPA EntityManagerFactory for persistence unit 'default'
2024-11-10T00:35:13.555+03:00  WARN 4308 --- [labReport] [           main] JpaBaseConfiguration$JpaWebConfiguration : spring.jpa.open-in-view is enabled by default. Therefore, database queries may be performed during view rendering. Explicitly configure spring.jpa.open-in-view to disable this warning
2024-11-10T00:35:13.794+03:00  INFO 4308 --- [labReport] [           main] o.s.s.web.DefaultSecurityFilterChain     : Will secure any request with [org.springframework.security.web.session.DisableEncodeUrlFilter@3f7a7ce6, org.springframework.security.web.context.request.async.WebAsyncManagerIntegrationFilter@1de6689c, org.springframework.security.web.context.SecurityContextHolderFilter@3feb93a, org.springframework.security.web.header.HeaderWriterFilter@399acce3, org.springframework.web.filter.CorsFilter@3d8512e9, org.springframework.security.web.authentication.logout.LogoutFilter@108d59b6, com.kerimkulah.labReport.security.JWTFilter@7e35d743, org.springframework.security.web.savedrequest.RequestCacheAwareFilter@7f69c4c0, org.springframework.security.web.servletapi.SecurityContextHolderAwareRequestFilter@7f36cd8f, org.springframework.security.web.authentication.AnonymousAuthenticationFilter@46f597f1, org.springframework.security.web.session.SessionManagementFilter@39ee07a9, org.springframework.security.web.access.ExceptionTranslationFilter@c22cf4d, org.springframework.security.web.access.intercept.AuthorizationFilter@39d37da8]
2024-11-10T00:35:13.997+03:00  INFO 4308 --- [labReport] [           main] o.s.b.a.h2.H2ConsoleAutoConfiguration    : H2 console available at '/h2-console'. Database available at 'jdbc:h2:mem:database'
2024-11-10T00:35:14.042+03:00  INFO 4308 --- [labReport] [           main] c.k.labReport.LabReportApplicationTests  : Started LabReportApplicationTests in 3.125 seconds (process running for 3.83)
Hibernate: select u1_0.id,u1_0.password,u1_0.role,u1_0.username from users u1_0 where u1_0.username=?
Hibernate: insert into users (password,role,username,id) values (?,?,?,default)
Admin kullanıcı oluşturuldu. Id : admin , Pw : 12345, token :eyJhbGciOiJIUzI1NiJ9.eyJzdWIiOiJhZG1pbiIsImlhdCI6MTczMTE4ODExNCwiZXhwIjoxNzMxMjI0MTE0fQ.sSIdkLqaFr20U6EVwNBwpSlCFEVBQUuIpbYlZ9eYTjI
]]></system-out>
    <system-err><![CDATA[WARNING: A Java agent has been loaded dynamically (C:\Users\m_ker\.m2\repository\net\bytebuddy\byte-buddy-agent\1.14.19\byte-buddy-agent-1.14.19.jar)
WARNING: If a serviceability tool is in use, please run with -XX:+EnableDynamicAgentLoading to hide this warning
WARNING: If a serviceability tool is not in use, please run with -Djdk.instrument.traceUsage for more information
WARNING: Dynamic loading of agents will be disallowed by default in a future release
]]></system-err>
  </testcase>
</testsuite>